<?xml version="1.0" encoding="UTF-8"?>
<!-- Generated by org.testng.reporters.JUnitReportReporter -->
<testsuite hostname="DESKTOP-DJ4FDME" failures="0" tests="6" name="testNGDemo.TestScenario6" time="0.011" errors="0" timestamp="2024-12-05T08:18:21 IST" skipped="0">
  <testcase classname="testNGDemo.TestScenario6" name="first_testcase" time="0.002"/>
  <testcase classname="testNGDemo.TestScenario6" name="second_testcase" time="0.003"/>
  <testcase classname="testNGDemo.TestScenario6" name="third_testcase" time="0.001"/>
  <testcase classname="testNGDemo.TestScenario6" name="fifth_testcase" time="0.002"/>
  <testcase classname="testNGDemo.TestScenario6" name="sixth_testcase" time="0.001"/>
  <testcase classname="testNGDemo.TestScenario6" name="forth_testcase" time="0.002"/>
</testsuite> <!-- testNGDemo.TestScenario6 -->
