<?xml version="1.0" encoding="UTF-8"?>
<!-- Generated by org.testng.reporters.JUnitReportReporter -->
<testsuite hostname="DESKTOP-DJ4FDME" failures="0" tests="2" name="org.xyz.automation.abc.FirstAutomation" time="8.954" errors="0" timestamp="2024-12-28T09:08:11 IST" skipped="1">
  <testcase classname="org.xyz.automation.abc.FirstAutomation" name="loginfunc" time="8.954"/>
  <testcase classname="org.xyz.automation.abc.FirstAutomation" name="signupfunc">
    <skipped/>
  </testcase> <!-- signupfunc -->
</testsuite> <!-- org.xyz.automation.abc.FirstAutomation -->
