<?xml version="1.0" encoding="UTF-8"?>
<!-- Generated by org.testng.reporters.JUnitReportReporter -->
<testsuite hostname="DESKTOP-DJ4FDME" failures="0" tests="1" name="org.xyz.automation.abc.CalendarDemo" time="16.849" errors="0" timestamp="2024-12-14T08:22:08 IST" skipped="0">
  <testcase classname="org.xyz.automation.abc.CalendarDemo" name="launchBrowser" time="16.849"/>
</testsuite> <!-- org.xyz.automation.abc.CalendarDemo -->
