<?xml version="1.0" encoding="UTF-8"?>
<!-- Generated by org.testng.reporters.JUnitReportReporter -->
<testsuite hostname="DESKTOP-DJ4FDME" failures="0" tests="1" name="org.wipro.automation.fb.testcases.ExploreThemes_Scenaio" time="32.143" errors="0" timestamp="2025-01-03T08:17:11 IST" skipped="0">
  <testcase classname="org.wipro.automation.fb.testcases.ExploreThemes_Scenaio" name="validate_themeparks_menu" time="32.143"/>
</testsuite> <!-- org.wipro.automation.fb.testcases.ExploreThemes_Scenaio -->
