<?xml version="1.0" encoding="UTF-8"?>
<!-- Generated by org.testng.reporters.JUnitReportReporter -->
<testsuite hostname="DESKTOP-DJ4FDME" failures="0" tests="1" name="testNGDemo.TestScenario7" time="0.002" errors="0" timestamp="2024-12-05T08:21:13 IST" skipped="0">
  <testcase classname="testNGDemo.TestScenario7" name="second_testcase" time="0.002"/>
</testsuite> <!-- testNGDemo.TestScenario7 -->
