<?xml version="1.0" encoding="UTF-8"?>
<!-- Generated by org.testng.reporters.JUnitReportReporter -->
<testsuite hostname="DESKTOP-DJ4FDME" failures="0" tests="1" name="org.xyz.automation.abc.BroeserControl" time="26.225" errors="0" timestamp="2024-12-11T08:19:35 IST" skipped="0">
  <testcase classname="org.xyz.automation.abc.BroeserControl" name="launchBrowser" time="26.225"/>
</testsuite> <!-- org.xyz.automation.abc.BroeserControl -->
