<?xml version="1.0" encoding="UTF-8"?>
<!-- Generated by org.testng.reporters.JUnitReportReporter -->
<testsuite hostname="DESKTOP-DJ4FDME" failures="0" tests="1" name="org.wipro.automation.fb.testcases.LoginScenario" time="6.221" errors="0" timestamp="2024-12-28T08:49:20 IST" skipped="0">
  <testcase classname="org.wipro.automation.fb.testcases.LoginScenario" name="tc01_validcred_loginfunc" time="6.221"/>
</testsuite> <!-- org.wipro.automation.fb.testcases.LoginScenario -->
