<?xml version="1.0" encoding="UTF-8"?>
<!-- Generated by org.testng.reporters.JUnitReportReporter -->
<testsuite hostname="DESKTOP-DJ4FDME" failures="0" tests="2" name="testNGDemo.TestScenario10" time="0.018" errors="0" timestamp="2024-12-05T08:21:13 IST" skipped="0">
  <testcase classname="testNGDemo.TestScenario10" name="third_testcase" time="0.002"/>
  <testcase classname="testNGDemo.TestScenario10" name="fifth_testcase" time="0.016"/>
</testsuite> <!-- testNGDemo.TestScenario10 -->
