<?xml version="1.0" encoding="UTF-8"?>
<!-- Generated by org.testng.reporters.JUnitReportReporter -->
<testsuite hostname="DESKTOP-DJ4FDME" failures="0" tests="1" name="org.xyz.automation.abc.DifferentControl" time="8.618" errors="0" timestamp="2024-12-18T08:44:57 IST" skipped="0">
  <testcase classname="org.xyz.automation.abc.DifferentControl" name="launchBrowser" time="8.618"/>
</testsuite> <!-- org.xyz.automation.abc.DifferentControl -->
