<?xml version="1.0" encoding="UTF-8"?>
<!-- Generated by org.testng.reporters.JUnitReportReporter -->
<testsuite hostname="DESKTOP-DJ4FDME" failures="0" tests="1" name="org.wipro.automation.fb.testcases.SignupScenario" time="9.450" errors="0" timestamp="2024-12-28T09:01:21 IST" skipped="0">
  <testcase classname="org.wipro.automation.fb.testcases.SignupScenario" name="tc02_validcred_signupfunc" time="9.450"/>
</testsuite> <!-- org.wipro.automation.fb.testcases.SignupScenario -->
