<?xml version="1.0" encoding="UTF-8"?>
<!-- Generated by org.testng.reporters.JUnitReportReporter -->
<testsuite hostname="DESKTOP-DJ4FDME" failures="0" tests="3" name="org.wipro.automation.fb.testcases.LoginScenario_DDF" time="20.828" errors="0" timestamp="2024-12-31T08:21:31 IST" skipped="0">
  <testcase classname="org.wipro.automation.fb.testcases.LoginScenario_DDF" name="tc01_validcred_loginfunc" time="7.986"/>
  <testcase classname="org.wipro.automation.fb.testcases.LoginScenario_DDF" name="tc01_validcred_loginfunc" time="7.016"/>
  <testcase classname="org.wipro.automation.fb.testcases.LoginScenario_DDF" name="tc01_validcred_loginfunc" time="5.826"/>
</testsuite> <!-- org.wipro.automation.fb.testcases.LoginScenario_DDF -->
