<?xml version="1.0" encoding="UTF-8"?>
<!-- Generated by org.testng.reporters.JUnitReportReporter -->
<testsuite hostname="DESKTOP-DJ4FDME" failures="0" tests="5" name="org.xyz.automation.abc.KeyboardMouse_AlertFrames" time="15.799" errors="0" timestamp="2024-12-27T08:33:48 IST" skipped="3">
  <testcase classname="org.xyz.automation.abc.KeyboardMouse_AlertFrames" name="handlealerts" time="3.993"/>
  <testcase classname="org.xyz.automation.abc.KeyboardMouse_AlertFrames" name="handleframes" time="11.806"/>
  <testcase classname="org.xyz.automation.abc.KeyboardMouse_AlertFrames" name="handlemouse_universalOrlando">
    <skipped/>
  </testcase> <!-- handlemouse_universalOrlando -->
  <testcase classname="org.xyz.automation.abc.KeyboardMouse_AlertFrames" name="handleKeyboard">
    <skipped/>
  </testcase> <!-- handleKeyboard -->
  <testcase classname="org.xyz.automation.abc.KeyboardMouse_AlertFrames" name="handlemouse_mphasis">
    <skipped/>
  </testcase> <!-- handlemouse_mphasis -->
</testsuite> <!-- org.xyz.automation.abc.KeyboardMouse_AlertFrames -->
