<?xml version="1.0" encoding="UTF-8"?>
<!-- Generated by org.testng.reporters.JUnitReportReporter -->
<testsuite hostname="DESKTOP-DJ4FDME" failures="0" tests="1" name="org.wipro.automation.fb.basePkg.InitiateBrowser" time="5.791" errors="0" timestamp="2024-12-28T08:28:35 IST" skipped="0">
  <testcase classname="org.wipro.automation.fb.basePkg.InitiateBrowser" name="launchBrowser" time="5.791"/>
</testsuite> <!-- org.wipro.automation.fb.basePkg.InitiateBrowser -->
