<?xml version="1.0" encoding="UTF-8"?>
<!-- Generated by org.testng.reporters.JUnitReportReporter -->
<testsuite hostname="DESKTOP-DJ4FDME" failures="0" tests="3" name="org.wipro.automation.fb.testcases.SignupScenario_DDF" time="32.345" errors="0" timestamp="2024-12-31T08:26:57 IST" skipped="0">
  <testcase classname="org.wipro.automation.fb.testcases.SignupScenario_DDF" name="tc02_validcred_signupfunc" time="11.375"/>
  <testcase classname="org.wipro.automation.fb.testcases.SignupScenario_DDF" name="tc02_validcred_signupfunc" time="10.680"/>
  <testcase classname="org.wipro.automation.fb.testcases.SignupScenario_DDF" name="tc02_validcred_signupfunc" time="10.290"/>
</testsuite> <!-- org.wipro.automation.fb.testcases.SignupScenario_DDF -->
